<?xml version="1.0" encoding="UTF-8"?>
<!-- Generated by org.testng.reporters.JUnitReportReporter -->
<testsuite hostname="LAPTOP-UOSNP22B" failures="0" tests="3" name="OrangeHRM.TestCases" time="29.356" errors="0" timestamp="2024-06-18T18:58:01 IST" skipped="0">
  <testcase classname="OrangeHRM.TestCases" name="claimTabVerification" time="10.157"/>
  <testcase classname="OrangeHRM.TestCases" name="recruitmentTabVerification" time="9.426"/>
  <testcase classname="OrangeHRM.TestCases" name="adminTabOptionVerification" time="9.773"/>
</testsuite> <!-- OrangeHRM.TestCases -->
